✅ Используются сохраненные настройки БД: 127.0.0.1:3305/sql8_keylock
🗑️  Starting trash cleanup for keywords older than 2025-09-08 03:00:01
📋 Found 2 keywords to delete:
   - ID 4: Уроки фортепиано (deleted 2025-09-03 21:15:14)
   - ID 5: Уроки фортепиано Киев (deleted 2025-09-04 21:21:56)
✅ Deleted 2 keywords from trash

==================================================
Cleanup completed: 2 keywords deleted
==================================================
✅ Используются сохраненные настройки БД: 127.0.0.1:3305/sql8_keylock
🗑️  Starting trash cleanup for keywords older than 2025-09-09 03:00:01
✅ No keywords to delete

==================================================
Cleanup completed: 0 keywords deleted
==================================================
✅ Используются сохраненные настройки БД: 127.0.0.1:3305/sql8_keylock
🗑️  Starting trash cleanup for keywords older than 2025-09-10 03:00:01
✅ No keywords to delete

==================================================
Cleanup completed: 0 keywords deleted
==================================================
✅ Используются сохраненные настройки БД: 127.0.0.1:3305/sql8_keylock
🗑️  Starting trash cleanup for keywords older than 2025-09-11 03:00:01
✅ No keywords to delete

==================================================
Cleanup completed: 0 keywords deleted
==================================================
✅ Используются сохраненные настройки БД: 127.0.0.1:3305/sql8_keylock
🗑️  Starting trash cleanup for keywords older than 2025-09-12 03:00:01
✅ No keywords to delete

==================================================
Cleanup completed: 0 keywords deleted
==================================================
✅ Используются сохраненные настройки БД: 127.0.0.1:3305/sql8_keylock
🗑️  Starting trash cleanup for keywords older than 2025-09-13 03:00:01
✅ No keywords to delete

==================================================
Cleanup completed: 0 keywords deleted
==================================================
✅ Используются сохраненные настройки БД: 127.0.0.1:3305/sql8_keylock
🗑️  Starting trash cleanup for keywords older than 2025-09-14 03:00:01
✅ No keywords to delete

==================================================
Cleanup completed: 0 keywords deleted
==================================================
✅ Используются сохраненные настройки БД: 127.0.0.1:3305/sql8_keylock
🗑️  Starting trash cleanup for keywords older than 2025-09-15 03:00:02
✅ No keywords to delete

==================================================
Cleanup completed: 0 keywords deleted
==================================================
✅ Используются сохраненные настройки БД: 127.0.0.1:3305/sql8_keylock
🗑️  Starting trash cleanup for keywords older than 2025-09-16 03:00:01
✅ No keywords to delete

==================================================
Cleanup completed: 0 keywords deleted
==================================================
✅ Используются сохраненные настройки БД: 127.0.0.1:3305/sql8_keylock
🗑️  Starting trash cleanup for keywords older than 2025-09-17 03:00:01
✅ No keywords to delete

==================================================
Cleanup completed: 0 keywords deleted
==================================================
✅ Используются сохраненные настройки БД: 127.0.0.1:3305/sql8_keylock
🗑️  Starting trash cleanup for keywords older than 2025-09-18 03:00:01
✅ No keywords to delete

==================================================
Cleanup completed: 0 keywords deleted
==================================================
✅ Используются сохраненные настройки БД: 127.0.0.1:3305/sql8_keylock
🗑️  Starting trash cleanup for keywords older than 2025-09-19 03:00:01
✅ No keywords to delete

==================================================
Cleanup completed: 0 keywords deleted
==================================================
✅ Используются сохраненные настройки БД: 127.0.0.1:3305/sql8_keylock
🗑️  Starting trash cleanup for keywords older than 2025-09-20 03:00:01
✅ No keywords to delete

==================================================
Cleanup completed: 0 keywords deleted
==================================================
✅ Используются сохраненные настройки БД: 127.0.0.1:3305/sql8_keylock
🗑️  Starting trash cleanup for keywords older than 2025-09-21 03:00:01
✅ No keywords to delete

==================================================
Cleanup completed: 0 keywords deleted
==================================================
✅ Используются сохраненные настройки БД: 127.0.0.1:3305/sql8_keylock
🗑️  Starting trash cleanup for keywords older than 2025-09-22 03:00:01
✅ No keywords to delete

==================================================
Cleanup completed: 0 keywords deleted
==================================================
